#
# There is insufficient memory for the Java Runtime Environment to continue.
# Native memory allocation (malloc) failed to allocate 1295696 bytes for Chunk::new
# Possible reasons:
#   The system is out of physical RAM or swap space
#   The process is running with CompressedOops enabled, and the Java Heap may be blocking the growth of the native heap
# Possible solutions:
#   Reduce memory load on the system
#   Increase physical memory or swap space
#   Check if swap backing store is full
#   Decrease Java heap size (-Xmx/-Xms)
#   Decrease number of Java threads
#   Decrease Java thread stack sizes (-Xss)
#   Set larger code cache with -XX:ReservedCodeCacheSize=
#   JVM is running with Unscaled Compressed Oops mode in which the Java heap is
#     placed in the first 4GB address space. The Java Heap base address is the
#     maximum limit for the native heap growth. Please use -XX:HeapBaseMinAddress
#     to set the Java Heap base and to place the Java Heap above 4GB virtual address.
# This output file may be truncated or incomplete.
#
#  Out of Memory Error (allocation.cpp:389), pid=23328, tid=0x0000000000000728
#
# JRE version: OpenJDK Runtime Environment (8.0_212-b04) (build 1.8.0_212-release-1586-b04)
# Java VM: OpenJDK 64-Bit Server VM (25.212-b04 mixed mode windows-amd64 compressed oops)
# Failed to write core dump. Minidumps are not enabled by default on client versions of Windows
#

---------------  T H R E A D  ---------------

Current thread (0x0000000015cb9800):  JavaThread "C2 CompilerThread0" daemon [_thread_in_native, id=1832, stack(0x0000000017310000,0x0000000017410000)]

Stack: [0x0000000017310000,0x0000000017410000]
[error occurred during error reporting (printing stack bounds), id 0xc0000005]

Native frames: (J=compiled Java code, j=interpreted, Vv=VM code, C=native code)


Current CompileTask:
C2:  34383 8353       4       com.android.ide.common.resources.NodeUtils::duplicateNode (315 bytes)


---------------  P R O C E S S  ---------------

Java Threads: ( => current thread )
  0x000000001e68e000 JavaThread "pool-2-thread-1" [_thread_blocked, id=24124, stack(0x00000000242a0000,0x00000000243a0000)]
  0x000000001e690000 JavaThread "MarlinRenderer Disposer" daemon [_thread_blocked, id=22704, stack(0x0000000023c50000,0x0000000023d50000)]
  0x000000001e68f800 JavaThread "Java2D Disposer" daemon [_thread_blocked, id=9552, stack(0x0000000023b40000,0x0000000023c40000)]
  0x000000001e68c800 JavaThread "WorkerExecutor Queue Thread 4" [_thread_blocked, id=1692, stack(0x0000000023a40000,0x0000000023b40000)]
  0x000000001e68e800 JavaThread "WorkerExecutor Queue Thread 3" [_thread_in_native, id=22188, stack(0x0000000023940000,0x0000000023a40000)]
  0x000000001e68d000 JavaThread "WorkerExecutor Queue Thread 2" [_thread_blocked, id=19440, stack(0x0000000023840000,0x0000000023940000)]
  0x0000000019b96800 JavaThread "WorkerExecutor Queue" [_thread_blocked, id=20204, stack(0x0000000023740000,0x0000000023840000)]
  0x0000000019b96000 JavaThread "Cache worker for execution history cache (D:\Repositories\TicTacToeGame\.gradle\5.6.4\executionHistory)" [_thread_blocked, id=19292, stack(0x0000000022250000,0x0000000022350000)]
  0x0000000019b99000 JavaThread "Execution worker for ':' Thread 3" [_thread_in_Java, id=25152, stack(0x0000000022150000,0x0000000022250000)]
  0x0000000019b97800 JavaThread "Execution worker for ':' Thread 2" [_thread_blocked, id=8468, stack(0x0000000022050000,0x0000000022150000)]
  0x0000000019b93800 JavaThread "Execution worker for ':'" [_thread_blocked, id=21748, stack(0x0000000021f50000,0x0000000022050000)]
  0x0000000019b94800 JavaThread "Cache worker for file content cache (D:\Repositories\TicTacToeGame\.gradle\5.6.4\fileContent)" [_thread_blocked, id=3644, stack(0x0000000021c50000,0x0000000021d50000)]
  0x0000000019b8c000 JavaThread "Cache worker for file content cache (C:\Users\Joanna Kokot\.gradle\caches\5.6.4\fileContent)" [_thread_blocked, id=19740, stack(0x0000000021b50000,0x0000000021c50000)]
  0x0000000019b93000 JavaThread "Memory manager" [_thread_blocked, id=25136, stack(0x00000000217b0000,0x00000000218b0000)]
  0x0000000019b90800 JavaThread "Cache worker for Build Output Cleanup Cache (D:\Repositories\TicTacToeGame\.gradle\buildOutputCleanup)" [_thread_blocked, id=19304, stack(0x0000000020bd0000,0x0000000020cd0000)]
  0x0000000019b8b000 JavaThread "Build operations Thread 4" [_thread_blocked, id=3312, stack(0x00000000204d0000,0x00000000205d0000)]
  0x0000000019b8e000 JavaThread "Build operations Thread 3" [_thread_blocked, id=23140, stack(0x00000000203d0000,0x00000000204d0000)]
  0x0000000019b8d800 JavaThread "Build operations Thread 2" [_thread_blocked, id=27380, stack(0x00000000202d0000,0x00000000203d0000)]
  0x0000000019b92000 JavaThread "Build operations" [_thread_blocked, id=27552, stack(0x000000001ff00000,0x0000000020000000)]
  0x0000000018d4e800 JavaThread "Cache worker for execution history cache (C:\Users\Joanna Kokot\.gradle\caches\5.6.4\executionHistory)" [_thread_blocked, id=9296, stack(0x000000001fc00000,0x000000001fd00000)]
  0x0000000018d4c000 JavaThread "Cache worker for cache directory md-rule (C:\Users\Joanna Kokot\.gradle\caches\5.6.4\md-rule)" [_thread_blocked, id=3512, stack(0x000000001fb00000,0x000000001fc00000)]
  0x0000000018d4f000 JavaThread "Cache worker for cache directory md-supplier (C:\Users\Joanna Kokot\.gradle\caches\5.6.4\md-supplier)" [_thread_blocked, id=23732, stack(0x000000001fa00000,0x000000001fb00000)]
  0x0000000018d52000 JavaThread "Cache worker for file hash cache (D:\Repositories\TicTacToeGame\.gradle\5.6.4\fileHashes)" [_thread_blocked, id=3784, stack(0x000000001dee0000,0x000000001dfe0000)]
  0x0000000018d53000 JavaThread "Cache worker for journal cache (C:\Users\Joanna Kokot\.gradle\caches\journal-1)" [_thread_blocked, id=8996, stack(0x000000001bb40000,0x000000001bc40000)]
  0x0000000018d50000 JavaThread "File lock request listener" [_thread_in_native, id=25864, stack(0x000000001ba40000,0x000000001bb40000)]
  0x00000000186e6000 JavaThread "Cache worker for file hash cache (C:\Users\Joanna Kokot\.gradle\caches\5.6.4\fileHashes)" [_thread_blocked, id=21956, stack(0x000000001b740000,0x000000001b840000)]
  0x0000000019669800 JavaThread "Thread-9" [_thread_blocked, id=8620, stack(0x000000001b640000,0x000000001b740000)]
  0x0000000019643800 JavaThread "Stdin handler" [_thread_blocked, id=19256, stack(0x000000001b540000,0x000000001b640000)]
  0x000000001963f000 JavaThread "Asynchronous log dispatcher for DefaultDaemonConnection: socket connection from /127.0.0.1:64051 to /127.0.0.1:64052" [_thread_blocked, id=23252, stack(0x000000001b440000,0x000000001b540000)]
  0x000000001963a000 JavaThread "Daemon worker" [_thread_blocked, id=13472, stack(0x000000001b340000,0x000000001b440000)]
  0x000000001966c800 JavaThread "Cancel handler" [_thread_blocked, id=380, stack(0x000000001b240000,0x000000001b340000)]
  0x00000000188e6000 JavaThread "Handler for socket connection from /127.0.0.1:64051 to /127.0.0.1:64052" [_thread_in_native, id=22008, stack(0x000000001af40000,0x000000001b040000)]
  0x00000000188e5000 JavaThread "Daemon" [_thread_blocked, id=8692, stack(0x000000001ae40000,0x000000001af40000)]
  0x0000000019602800 JavaThread "Daemon periodic checks" [_thread_blocked, id=22472, stack(0x000000001ad40000,0x000000001ae40000)]
  0x0000000018e77800 JavaThread "Incoming local TCP Connector on port 64051" [_thread_in_native, id=26312, stack(0x000000001aaf0000,0x000000001abf0000)]
  0x00000000192dd000 JavaThread "Daemon health stats" [_thread_blocked, id=16420, stack(0x000000001a4b0000,0x000000001a5b0000)]
  0x0000000015d0e000 JavaThread "Service Thread" daemon [_thread_blocked, id=18388, stack(0x0000000017a10000,0x0000000017b10000)]
  0x0000000015cc5800 JavaThread "C1 CompilerThread2" daemon [_thread_in_vm, id=13936, stack(0x0000000017510000,0x0000000017610000)]
  0x0000000015cc1800 JavaThread "C2 CompilerThread1" daemon [_thread_in_native, id=22424, stack(0x0000000017410000,0x0000000017510000)]
=>0x0000000015cb9800 JavaThread "C2 CompilerThread0" daemon [_thread_in_native, id=1832, stack(0x0000000017310000,0x0000000017410000)]
  0x0000000015cb8800 JavaThread "Attach Listener" daemon [_thread_blocked, id=27244, stack(0x0000000017210000,0x0000000017310000)]
  0x0000000015cb3000 JavaThread "Signal Dispatcher" daemon [_thread_blocked, id=8792, stack(0x0000000017110000,0x0000000017210000)]
  0x000000000233b800 JavaThread "Finalizer" daemon [_thread_blocked, id=14664, stack(0x0000000016f00000,0x0000000017000000)]
  0x0000000015c99000 JavaThread "Reference Handler" daemon [_thread_blocked, id=25732, stack(0x0000000016e00000,0x0000000016f00000)]
  0x0000000002242800 JavaThread "main" [_thread_blocked, id=20440, stack(0x0000000002130000,0x0000000002230000)]

Other Threads:
  0x0000000015c77000 VMThread [stack: 0x0000000016d00000,0x0000000016e00000] [id=12792]
  0x000000001765a000 WatcherThread [stack: 0x0000000017b10000,0x0000000017c10000] [id=25356]

VM state:not at safepoint (normal execution)

VM Mutex/Monitor currently owned by a thread: None

heap address: 0x00000000a0000000, size: 1536 MB, Compressed Oops mode: 32-bit
Narrow klass base: 0x0000000000000000, Narrow klass shift: 3
Compressed class space size: 1073741824 Address: 0x0000000100000000

Heap:
 PSYoungGen      total 177664K, used 70782K [0x00000000e0000000, 0x00000000ec800000, 0x0000000100000000)
  eden space 161280K, 33% used [0x00000000e0000000,0x00000000e35211f8,0x00000000e9d80000)
  from space 16384K, 99% used [0x00000000e9d80000,0x00000000ead7e9a0,0x00000000ead80000)
  to   space 16384K, 0% used [0x00000000ead80000,0x00000000ead80000,0x00000000ebd80000)
 ParOldGen       total 135680K, used 35477K [0x00000000a0000000, 0x00000000a8480000, 0x00000000e0000000)
  object space 135680K, 26% used [0x00000000a0000000,0x00000000a22a5798,0x00000000a8480000)
 Metaspace       used 63172K, capacity 65316K, committed 65624K, reserved 1105920K
  class space    used 8524K, capacity 8989K, committed 9048K, reserved 1048576K

Card table byte_map: [0x0000000011700000,0x0000000011a10000] byte_map_base: 0x0000000011200000

Marking Bits: (ParMarkBitMap*) 0x000000006d5c9f30
 Begin Bits: [0x0000000012010000, 0x0000000013810000)
 End Bits:   [0x0000000013810000, 0x0000000015010000)

Polling page: 0x00000000001f0000

CodeCache: size=245760Kb used=24723Kb max_used=24723Kb free=221036Kb
 bounds [0x0000000002340000, 0x0000000003b80000, 0x0000000011340000]
 total_blobs=8347 nmethods=7438 adapters=821
 compilation: enabled

Compilation events (10 events):
Event: 34.336 Thread 0x0000000015cc5800 8445       2       java.io.ObjectInputStream::readInt (8 bytes)
Event: 34.336 Thread 0x0000000015cc5800 nmethod 8445 0x0000000003b79750 code [0x0000000003b798c0, 0x0000000003b79a28]
Event: 34.339 Thread 0x0000000015cc5800 8447       2       java.util.HashMap::readObject (266 bytes)
Event: 34.341 Thread 0x0000000015cc5800 nmethod 8447 0x0000000003b79ad0 code [0x0000000003b79de0, 0x0000000003b7aa78]
Event: 34.343 Thread 0x0000000015cc5800 8452       2       java.io.ObjectInputStream$GetFieldImpl::<init> (47 bytes)
Event: 34.343 Thread 0x0000000015cc5800 nmethod 8452 0x0000000003b7b5d0 code [0x0000000003b7b740, 0x0000000003b7ba90]
Event: 34.343 Thread 0x0000000015cc5800 8453       2       java.io.ObjectInputStream$GetFieldImpl::readFields (113 bytes)
Event: 34.344 Thread 0x0000000015cc5800 nmethod 8453 0x0000000003b7bbd0 code [0x0000000003b7bd60, 0x0000000003b7c0f8]
Event: 34.354 Thread 0x0000000015cc5800 8459       2       java.io.Bits::putChar (16 bytes)
Event: 34.354 Thread 0x0000000015cc5800 nmethod 8459 0x0000000003b7c590 code [0x0000000003b7c6e0, 0x0000000003b7c850]

GC Heap History (10 events):
Event: 19.070 GC heap before
{Heap before GC invocations=12 (full 2):
 PSYoungGen      total 112128K, used 100352K [0x00000000e0000000, 0x00000000e9b00000, 0x0000000100000000)
  eden space 100352K, 100% used [0x00000000e0000000,0x00000000e6200000,0x00000000e6200000)
  from space 11776K, 0% used [0x00000000e6200000,0x00000000e6200000,0x00000000e6d80000)
  to   space 12800K, 0% used [0x00000000e8e80000,0x00000000e8e80000,0x00000000e9b00000)
 ParOldGen       total 92672K, used 17092K [0x00000000a0000000, 0x00000000a5a80000, 0x00000000e0000000)
  object space 92672K, 18% used [0x00000000a0000000,0x00000000a10b12a8,0x00000000a5a80000)
 Metaspace       used 44782K, capacity 45856K, committed 46080K, reserved 1089536K
  class space    used 6023K, capacity 6318K, committed 6400K, reserved 1048576K
Event: 19.089 GC heap after
Heap after GC invocations=12 (full 2):
 PSYoungGen      total 139264K, used 12774K [0x00000000e0000000, 0x00000000e9b00000, 0x0000000100000000)
  eden space 126464K, 0% used [0x00000000e0000000,0x00000000e0000000,0x00000000e7b80000)
  from space 12800K, 99% used [0x00000000e8e80000,0x00000000e9af9890,0x00000000e9b00000)
  to   space 14848K, 0% used [0x00000000e7e00000,0x00000000e7e00000,0x00000000e8c80000)
 ParOldGen       total 92672K, used 18458K [0x00000000a0000000, 0x00000000a5a80000, 0x00000000e0000000)
  object space 92672K, 19% used [0x00000000a0000000,0x00000000a1206b30,0x00000000a5a80000)
 Metaspace       used 44782K, capacity 45856K, committed 46080K, reserved 1089536K
  class space    used 6023K, capacity 6318K, committed 6400K, reserved 1048576K
}
Event: 22.684 GC heap before
{Heap before GC invocations=13 (full 2):
 PSYoungGen      total 139264K, used 139238K [0x00000000e0000000, 0x00000000e9b00000, 0x0000000100000000)
  eden space 126464K, 100% used [0x00000000e0000000,0x00000000e7b80000,0x00000000e7b80000)
  from space 12800K, 99% used [0x00000000e8e80000,0x00000000e9af9890,0x00000000e9b00000)
  to   space 14848K, 0% used [0x00000000e7e00000,0x00000000e7e00000,0x00000000e8c80000)
 ParOldGen       total 92672K, used 18458K [0x00000000a0000000, 0x00000000a5a80000, 0x00000000e0000000)
  object space 92672K, 19% used [0x00000000a0000000,0x00000000a1206b30,0x00000000a5a80000)
 Metaspace       used 55481K, capacity 57226K, committed 57472K, reserved 1099776K
  class space    used 7641K, capacity 8040K, committed 8064K, reserved 1048576K
Event: 22.726 GC heap after
Heap after GC invocations=13 (full 2):
 PSYoungGen      total 143872K, used 14365K [0x00000000e0000000, 0x00000000ebd80000, 0x0000000100000000)
  eden space 129024K, 0% used [0x00000000e0000000,0x00000000e0000000,0x00000000e7e00000)
  from space 14848K, 96% used [0x00000000e7e00000,0x00000000e8c076c0,0x00000000e8c80000)
  to   space 16384K, 0% used [0x00000000ead80000,0x00000000ead80000,0x00000000ebd80000)
 ParOldGen       total 92672K, used 24422K [0x00000000a0000000, 0x00000000a5a80000, 0x00000000e0000000)
  object space 92672K, 26% used [0x00000000a0000000,0x00000000a17d9b68,0x00000000a5a80000)
 Metaspace       used 55481K, capacity 57226K, committed 57472K, reserved 1099776K
  class space    used 7641K, capacity 8040K, committed 8064K, reserved 1048576K
}
Event: 24.131 GC heap before
{Heap before GC invocations=14 (full 2):
 PSYoungGen      total 143872K, used 48480K [0x00000000e0000000, 0x00000000ebd80000, 0x0000000100000000)
  eden space 129024K, 26% used [0x00000000e0000000,0x00000000e2150960,0x00000000e7e00000)
  from space 14848K, 96% used [0x00000000e7e00000,0x00000000e8c076c0,0x00000000e8c80000)
  to   space 16384K, 0% used [0x00000000ead80000,0x00000000ead80000,0x00000000ebd80000)
 ParOldGen       total 92672K, used 24422K [0x00000000a0000000, 0x00000000a5a80000, 0x00000000e0000000)
  object space 92672K, 26% used [0x00000000a0000000,0x00000000a17d9b68,0x00000000a5a80000)
 Metaspace       used 57195K, capacity 59048K, committed 59096K, reserved 1099776K
  class space    used 7914K, capacity 8371K, committed 8408K, reserved 1048576K
Event: 24.169 GC heap after
Heap after GC invocations=14 (full 2):
 PSYoungGen      total 177664K, used 11140K [0x00000000e0000000, 0x00000000ec800000, 0x0000000100000000)
  eden space 161280K, 0% used [0x00000000e0000000,0x00000000e0000000,0x00000000e9d80000)
  from space 16384K, 67% used [0x00000000ead80000,0x00000000eb8611c0,0x00000000ebd80000)
  to   space 16384K, 0% used [0x00000000e9d80000,0x00000000e9d80000,0x00000000ead80000)
 ParOldGen       total 92672K, used 24430K [0x00000000a0000000, 0x00000000a5a80000, 0x00000000e0000000)
  object space 92672K, 26% used [0x00000000a0000000,0x00000000a17dbb68,0x00000000a5a80000)
 Metaspace       used 57195K, capacity 59048K, committed 59096K, reserved 1099776K
  class space    used 7914K, capacity 8371K, committed 8408K, reserved 1048576K
}
Event: 24.169 GC heap before
{Heap before GC invocations=15 (full 3):
 PSYoungGen      total 177664K, used 11140K [0x00000000e0000000, 0x00000000ec800000, 0x0000000100000000)
  eden space 161280K, 0% used [0x00000000e0000000,0x00000000e0000000,0x00000000e9d80000)
  from space 16384K, 67% used [0x00000000ead80000,0x00000000eb8611c0,0x00000000ebd80000)
  to   space 16384K, 0% used [0x00000000e9d80000,0x00000000e9d80000,0x00000000ead80000)
 ParOldGen       total 92672K, used 24430K [0x00000000a0000000, 0x00000000a5a80000, 0x00000000e0000000)
  object space 92672K, 26% used [0x00000000a0000000,0x00000000a17dbb68,0x00000000a5a80000)
 Metaspace       used 57195K, capacity 59048K, committed 59096K, reserved 1099776K
  class space    used 7914K, capacity 8371K, committed 8408K, reserved 1048576K
Event: 24.665 GC heap after
Heap after GC invocations=15 (full 3):
 PSYoungGen      total 177664K, used 0K [0x00000000e0000000, 0x00000000ec800000, 0x0000000100000000)
  eden space 161280K, 0% used [0x00000000e0000000,0x00000000e0000000,0x00000000e9d80000)
  from space 16384K, 0% used [0x00000000ead80000,0x00000000ead80000,0x00000000ebd80000)
  to   space 16384K, 0% used [0x00000000e9d80000,0x00000000e9d80000,0x00000000ead80000)
 ParOldGen       total 135680K, used 31190K [0x00000000a0000000, 0x00000000a8480000, 0x00000000e0000000)
  object space 135680K, 22% used [0x00000000a0000000,0x00000000a1e75a80,0x00000000a8480000)
 Metaspace       used 57154K, capacity 58934K, committed 59096K, reserved 1099776K
  class space    used 7901K, capacity 8348K, committed 8408K, reserved 1048576K
}
Event: 31.878 GC heap before
{Heap before GC invocations=16 (full 3):
 PSYoungGen      total 177664K, used 160502K [0x00000000e0000000, 0x00000000ec800000, 0x0000000100000000)
  eden space 161280K, 99% used [0x00000000e0000000,0x00000000e9cbdac0,0x00000000e9d80000)
  from space 16384K, 0% used [0x00000000ead80000,0x00000000ead80000,0x00000000ebd80000)
  to   space 16384K, 0% used [0x00000000e9d80000,0x00000000e9d80000,0x00000000ead80000)
 ParOldGen       total 135680K, used 31190K [0x00000000a0000000, 0x00000000a8480000, 0x00000000e0000000)
  object space 135680K, 22% used [0x00000000a0000000,0x00000000a1e75a80,0x00000000a8480000)
 Metaspace       used 60732K, capacity 62804K, committed 63064K, reserved 1103872K
  class space    used 8272K, capacity 8745K, committed 8792K, reserved 1048576K
Event: 31.921 GC heap after
Heap after GC invocations=16 (full 3):
 PSYoungGen      total 177664K, used 16378K [0x00000000e0000000, 0x00000000ec800000, 0x0000000100000000)
  eden space 161280K, 0% used [0x00000000e0000000,0x00000000e0000000,0x00000000e9d80000)
  from space 16384K, 99% used [0x00000000e9d80000,0x00000000ead7e9a0,0x00000000ead80000)
  to   space 16384K, 0% used [0x00000000ead80000,0x00000000ead80000,0x00000000ebd80000)
 ParOldGen       total 135680K, used 35477K [0x00000000a0000000, 0x00000000a8480000, 0x00000000e0000000)
  object space 135680K, 26% used [0x00000000a0000000,0x00000000a22a5798,0x00000000a8480000)
 Metaspace       used 60732K, capacity 62804K, committed 63064K, reserved 1103872K
  class space    used 8272K, capacity 8745K, committed 8792K, reserved 1048576K
}

Deoptimization events (10 events):
Event: 34.044 Thread 0x0000000019b99000 Uncommon trap: reason=class_check action=maybe_recompile pc=0x00000000029dddb0 method=com.sun.org.apache.xerces.internal.dom.AttrImpl.getOwnerElement()Lorg/w3c/dom/Element; @ 15
Event: 34.045 Thread 0x0000000019b99000 Uncommon trap: reason=class_check action=maybe_recompile pc=0x00000000029dddb0 method=com.sun.org.apache.xerces.internal.dom.AttrImpl.getOwnerElement()Lorg/w3c/dom/Element; @ 15
Event: 34.045 Thread 0x0000000019b99000 Uncommon trap: reason=class_check action=maybe_recompile pc=0x00000000029dddb0 method=com.sun.org.apache.xerces.internal.dom.AttrImpl.getOwnerElement()Lorg/w3c/dom/Element; @ 15
Event: 34.063 Thread 0x0000000019b99000 Uncommon trap: reason=class_check action=maybe_recompile pc=0x0000000003139fbc method=com.sun.org.apache.xerces.internal.dom.AttrImpl.getOwnerElement()Lorg/w3c/dom/Element; @ 18
Event: 34.063 Thread 0x0000000019b99000 Uncommon trap: reason=class_check action=maybe_recompile pc=0x0000000003139fbc method=com.sun.org.apache.xerces.internal.dom.AttrImpl.getOwnerElement()Lorg/w3c/dom/Element; @ 18
Event: 34.093 Thread 0x0000000019b99000 Uncommon trap: reason=unstable_if action=reinterpret pc=0x000000000397955c method=com.android.utils.XmlUtils.toXmlAttributeValue(Ljava/lang/String;)Ljava/lang/String; @ 33
Event: 34.093 Thread 0x0000000019b99000 Uncommon trap: reason=unstable_if action=reinterpret pc=0x0000000003b1e2d8 method=com.android.utils.XmlUtils.append(Lcom/android/utils/XmlUtils$PositionAwareStringBuilder;Lorg/w3c/dom/Node;Ljava/util/Map;Ljava/util/Set;)V @ 540
Event: 34.093 Thread 0x0000000019b99000 Uncommon trap: reason=unstable_if action=reinterpret pc=0x0000000003b1e2d8 method=com.android.utils.XmlUtils.append(Lcom/android/utils/XmlUtils$PositionAwareStringBuilder;Lorg/w3c/dom/Node;Ljava/util/Map;Ljava/util/Set;)V @ 540
Event: 34.127 Thread 0x0000000019b99000 Uncommon trap: reason=unstable_if action=reinterpret pc=0x0000000003b1e2d8 method=com.android.utils.XmlUtils.append(Lcom/android/utils/XmlUtils$PositionAwareStringBuilder;Lorg/w3c/dom/Node;Ljava/util/Map;Ljava/util/Set;)V @ 540
Event: 34.140 Thread 0x0000000019b99000 Uncommon trap: reason=unstable_if action=reinterpret pc=0x0000000003af96d4 method=sun.nio.cs.UTF_8$Encoder.encodeArrayLoop(Ljava/nio/CharBuffer;Ljava/nio/ByteBuffer;)Ljava/nio/charset/CoderResult; @ 175

Classes redefined (0 events):
No events

Internal exceptions (10 events):
Event: 31.956 Thread 0x0000000019b99000 Implicit null exception at 0x0000000002dcda57 to 0x0000000002dcdddd
Event: 32.092 Thread 0x0000000019b96800 Exception <a 'java/io/FileNotFoundException'> (0x00000000e0468dd8) thrown at [D:\src\AOSP-openjdk-cygwin\jdk8u\hotspot\src\share\vm\prims\jni.cpp, line 710]
Event: 32.194 Thread 0x0000000019b96800 Exception <a 'java/io/FileNotFoundException'> (0x00000000e0483e08) thrown at [D:\src\AOSP-openjdk-cygwin\jdk8u\hotspot\src\share\vm\prims\jni.cpp, line 710]
Event: 34.093 Thread 0x0000000019b99000 Implicit null exception at 0x0000000003b207b1 to 0x0000000003b1e2b5
Event: 34.093 Thread 0x0000000019b99000 Implicit null exception at 0x0000000003b207b1 to 0x0000000003b1e2b5
Event: 34.127 Thread 0x0000000019b99000 Implicit null exception at 0x0000000003b207b1 to 0x0000000003b1e2b5
Event: 34.249 Thread 0x0000000019b99000 Exception <a 'java/lang/NoSuchMethodError': <clinit>> (0x00000000e2afde48) thrown at [D:\src\AOSP-openjdk-cygwin\jdk8u\hotspot\src\share\vm\prims\jni.cpp, line 1614]
Event: 34.253 Thread 0x0000000019b99000 Exception <a 'java/lang/NoSuchMethodError': <clinit>> (0x00000000e2b192f8) thrown at [D:\src\AOSP-openjdk-cygwin\jdk8u\hotspot\src\share\vm\prims\jni.cpp, line 1614]
Event: 34.253 Thread 0x0000000019b99000 Exception <a 'java/lang/NoSuchMethodError': <clinit>> (0x00000000e2b1e1e0) thrown at [D:\src\AOSP-openjdk-cygwin\jdk8u\hotspot\src\share\vm\prims\jni.cpp, line 1614]
Event: 34.255 Thread 0x0000000019b99000 Exception <a 'java/lang/NoSuchMethodError': <clinit>> (0x00000000e2b2f148) thrown at [D:\src\AOSP-openjdk-cygwin\jdk8u\hotspot\src\share\vm\prims\jni.cpp, line 1614]

Events (10 events):
Event: 34.350 loading class com/android/builder/internal/aapt/v2/Aapt2DaemonManager$leaseDaemon$1
Event: 34.350 loading class com/android/builder/internal/aapt/v2/Aapt2DaemonManager$leaseDaemon$1 done
Event: 34.351 loading class com/android/builder/internal/aapt/v2/Aapt2Daemon$WhenMappings
Event: 34.351 loading class com/android/builder/internal/aapt/v2/Aapt2Daemon$WhenMappings done
Event: 34.351 loading class com/android/builder/internal/aapt/v2/Aapt2DaemonImpl$WaitForReadyOnStdOut
Event: 34.352 loading class com/android/builder/internal/aapt/v2/Aapt2DaemonImpl$WaitForReadyOnStdOut done
Event: 34.353 loading class java/lang/ProcessBuilder
Event: 34.354 loading class java/lang/ProcessBuilder done
Event: 34.354 loading class java/lang/ProcessImpl
Event: 34.355 loading class java/lang/ProcessImpl done


Dynamic libraries:
0x00007ff60a5b0000 - 0x00007ff60a5e1000 	D:\Programy\AndroidStudio\jre\bin\java.exe
0x00007ff804840000 - 0x00007ff804a21000 	C:\WINDOWS\SYSTEM32\ntdll.dll
0x00007ff804720000 - 0x00007ff8047d1000 	C:\WINDOWS\System32\KERNEL32.DLL
0x00007ff8018a0000 - 0x00007ff801b13000 	C:\WINDOWS\System32\KERNELBASE.dll
0x00007ff8038e0000 - 0x00007ff803981000 	C:\WINDOWS\System32\ADVAPI32.dll
0x00007ff804680000 - 0x00007ff80471e000 	C:\WINDOWS\System32\msvcrt.dll
0x00007ff8035c0000 - 0x00007ff80361b000 	C:\WINDOWS\System32\sechost.dll
0x00007ff8030e0000 - 0x00007ff803204000 	C:\WINDOWS\System32\RPCRT4.dll
0x00007ff803620000 - 0x00007ff8037b0000 	C:\WINDOWS\System32\USER32.dll
0x00007ff800cd0000 - 0x00007ff800cf0000 	C:\WINDOWS\System32\win32u.dll
0x00007ff803990000 - 0x00007ff8039b8000 	C:\WINDOWS\System32\GDI32.dll
0x00007ff800f90000 - 0x00007ff801121000 	C:\WINDOWS\System32\gdi32full.dll
0x00007ff801bf0000 - 0x00007ff801c8f000 	C:\WINDOWS\System32\msvcp_win.dll
0x00007ff800bd0000 - 0x00007ff800cc8000 	C:\WINDOWS\System32\ucrtbase.dll
0x00007ffff0e50000 - 0x00007ffff10b9000 	C:\WINDOWS\WinSxS\amd64_microsoft.windows.common-controls_6595b64144ccf1df_6.0.17134.1365_none_d401d10f7c8e8b9b\COMCTL32.dll
0x00007ff8040c0000 - 0x00007ff8043e1000 	C:\WINDOWS\System32\combase.dll
0x00007ff801b70000 - 0x00007ff801be9000 	C:\WINDOWS\System32\bcryptPrimitives.dll
0x00007ff8037b0000 - 0x00007ff8037dd000 	C:\WINDOWS\System32\IMM32.DLL
0x000000006cd20000 - 0x000000006cdf2000 	D:\Programy\AndroidStudio\jre\jre\bin\msvcr100.dll
0x000000006ce00000 - 0x000000006d646000 	D:\Programy\AndroidStudio\jre\jre\bin\server\jvm.dll
0x00007ff803860000 - 0x00007ff803868000 	C:\WINDOWS\System32\PSAPI.DLL
0x00007fffe05a0000 - 0x00007fffe05a9000 	C:\WINDOWS\SYSTEM32\WSOCK32.dll
0x00007ff803870000 - 0x00007ff8038dc000 	C:\WINDOWS\System32\WS2_32.dll
0x00007ffffce10000 - 0x00007ffffce33000 	C:\WINDOWS\SYSTEM32\WINMM.dll
0x00007fffee8b0000 - 0x00007fffee8ba000 	C:\WINDOWS\SYSTEM32\VERSION.dll
0x00007ffffcde0000 - 0x00007ffffce0a000 	C:\WINDOWS\SYSTEM32\WINMMBASE.dll
0x00007ff801b20000 - 0x00007ff801b69000 	C:\WINDOWS\System32\cfgmgr32.dll
0x00007ffff5a70000 - 0x00007ffff5a7f000 	D:\Programy\AndroidStudio\jre\jre\bin\verify.dll
0x00007fffe84a0000 - 0x00007fffe84c9000 	D:\Programy\AndroidStudio\jre\jre\bin\java.dll
0x00007ffff5060000 - 0x00007ffff5076000 	D:\Programy\AndroidStudio\jre\jre\bin\zip.dll
0x00007ff801c90000 - 0x00007ff8030d5000 	C:\WINDOWS\System32\SHELL32.dll
0x00007ff803270000 - 0x00007ff803319000 	C:\WINDOWS\System32\shcore.dll
0x00007ff801190000 - 0x00007ff8018a0000 	C:\WINDOWS\System32\windows.storage.dll
0x00007ff803210000 - 0x00007ff803261000 	C:\WINDOWS\System32\shlwapi.dll
0x00007ff800b20000 - 0x00007ff800b31000 	C:\WINDOWS\System32\kernel.appcore.dll
0x00007ff800b40000 - 0x00007ff800b5f000 	C:\WINDOWS\System32\profapi.dll
0x00007ff800b80000 - 0x00007ff800bcc000 	C:\WINDOWS\System32\powrprof.dll
0x00007ff800b10000 - 0x00007ff800b1a000 	C:\WINDOWS\System32\FLTLIB.DLL
0x00007ffff0780000 - 0x00007ffff079a000 	D:\Programy\AndroidStudio\jre\jre\bin\net.dll
0x00007ffff2f40000 - 0x00007ffff310b000 	C:\WINDOWS\SYSTEM32\urlmon.dll
0x00007ffff3320000 - 0x00007ffff35c7000 	C:\WINDOWS\SYSTEM32\iertutil.dll
0x00007ff800500000 - 0x00007ff80050b000 	C:\WINDOWS\SYSTEM32\CRYPTBASE.DLL
0x00007ff800330000 - 0x00007ff800396000 	C:\WINDOWS\system32\mswsock.dll
0x00007ffff05a0000 - 0x00007ffff05b3000 	D:\Programy\AndroidStudio\jre\jre\bin\nio.dll
0x00007fffe5de0000 - 0x00007fffe5e06000 	C:\Users\Joanna Kokot\.gradle\native\30\windows-amd64\native-platform.dll
0x00007ffff0a70000 - 0x00007ffff0a7d000 	D:\Programy\AndroidStudio\jre\jre\bin\management.dll
0x00007ff8004e0000 - 0x00007ff8004f7000 	C:\WINDOWS\SYSTEM32\CRYPTSP.dll
0x00007fffffed0000 - 0x00007ffffff03000 	C:\WINDOWS\system32\rsaenh.dll
0x00007ff800670000 - 0x00007ff800695000 	C:\WINDOWS\SYSTEM32\bcrypt.dll
0x00007ff800a10000 - 0x00007ff800a38000 	C:\WINDOWS\SYSTEM32\USERENV.dll
0x00007ff800080000 - 0x00007ff8000b8000 	C:\WINDOWS\SYSTEM32\IPHLPAPI.DLL
0x00007ff803320000 - 0x00007ff803328000 	C:\WINDOWS\System32\NSI.dll
0x00007ffff0e30000 - 0x00007ffff0e46000 	C:\WINDOWS\SYSTEM32\dhcpcsvc6.DLL
0x00007ffff12a0000 - 0x00007ffff12ba000 	C:\WINDOWS\SYSTEM32\dhcpcsvc.DLL
0x00007fffc80f0000 - 0x00007fffc828c000 	D:\Programy\AndroidStudio\jre\jre\bin\awt.dll
0x00007ff8045b0000 - 0x00007ff804672000 	C:\WINDOWS\System32\OLEAUT32.dll
0x00007ffffeec0000 - 0x00007ffffeee9000 	C:\WINDOWS\SYSTEM32\dwmapi.dll
0x00007ffffd2d0000 - 0x00007ffffd897000 	C:\WINDOWS\SYSTEM32\d2d1.dll
0x00007ffffe330000 - 0x00007ffffe3bb000 	C:\WINDOWS\SYSTEM32\apphelp.dll
0x00007ffffecc0000 - 0x00007ffffed58000 	C:\WINDOWS\system32\uxtheme.dll

VM Arguments:
jvm_args: -Xmx1536m -Dfile.encoding=windows-1250 -Duser.country=PL -Duser.language=pl -Duser.variant 
java_command: org.gradle.launcher.daemon.bootstrap.GradleDaemon 5.6.4
java_class_path (initial): C:\Users\Joanna Kokot\.gradle\wrapper\dists\gradle-5.6.4-all\ankdp27end7byghfw1q2sw75f\gradle-5.6.4\lib\gradle-launcher-5.6.4.jar
Launcher Type: SUN_STANDARD

Environment Variables:
JAVA_HOME=C:\Program Files\Java\jdk1.8.0_151
PATH=D:\Programy\Rtools\bin;C:\Program Files (x86)\Intel\iCLS Client\;C:\ProgramData\Oracle\Java\javapath;C:\Program Files (x86)\Common Files\Oracle\Java\javapath;C:\Program Files\Common Files\Siemens\Automation\Simatic OAM\bin;C:\Program Files (x86)\Business Objects\Common\3.5\bin\NOTES\;C:\Program Files (x86)\Business Objects\Common\3.5\bin\NOTES\DATA\;C:\Program Files\Intel\iCLS Client\;C:\WINDOWS\system32;C:\WINDOWS;C:\WINDOWS\System32\Wbem;C:\WINDOWS\System32\WindowsPowerShell\v1.0\;C:\Program Files\Java\jdk1.8.0_151\bin;C:\Program Files\Microsoft SQL Server\130\Tools\Binn\;C:\WINDOWS\System32\OpenSSH\;C:\Windows\Microsoft.NET\Framework\v4.0.30319;C:\Program Files\dotnet\;C:\Program Files (x86)\Windows Live\Shared;D:\Programy\MATLAB\R2017a\bin;C:\Program Files (x86)\Microsoft SQL Server\110\DTS\Binn\;C:\Program Files (x86)\Microsoft SQL Server\120\DTS\Binn\;C:\Program Files (x86)\Microsoft SQL Server\130\DTS\Binn\;C:\Program Files (x86)\Microsoft SQL Server\140\DTS\Binn\;C:\Program Files (x86)\Microsoft SQL Server\150\DTS\Binn\;D:\Programy\Git\cmd;C:\Program Files\Microsoft SQL Server\Client SDK\ODBC\130\Tools\Binn\;C:\Program Files (x86)\Microsoft SQL Server\140\Tools\Binn\;C:\Program Files\Microsoft SQL Server\140\Tools\Binn\;C:\Program Files\Microsoft SQL Server\140\DTS\Binn\;C:\Program Files (x86)\Intel\Intel(R) Management Engine Components\DAL;C:\Program Files\Intel\Intel(R) Management Engine Components\DAL;C:\Program Files (x86)\Intel\Intel(R) Management Engine Components\IPT;C:\Program Files\Intel\Intel(R) Management Engine Components\IPT;C:\ProgramData\chocolatey\bin;C:\Program Files\Intel\WiFi\bin\;C:\Program Files\Common Files\Intel\WirelessCommon\;D:\Programy\Flutter\flutter\bin;D:\Programy\Flutter\AndroidSDK;C:\Users\Joanna Kokot\AppData\Local\Microsoft\WindowsApps;C:\Users\Joanna Kokot\.dotnet\tools;D:\Programy\Microsoft VS Code\bin
USERNAME=Joanna Kokot
OS=Windows_NT
PROCESSOR_IDENTIFIER=Intel64 Family 6 Model 142 Stepping 9, GenuineIntel



---------------  S Y S T E M  ---------------

OS: Windows 10.0 , 64 bit Build 17134 (10.0.17134.753)

CPU:total 4 (initial active 4) (2 cores per cpu, 2 threads per core) family 6 model 142 stepping 9, cmov, cx8, fxsr, mmx, sse, sse2, sse3, ssse3, sse4.1, sse4.2, popcnt, avx, avx2, aes, clmul, erms, 3dnowpref, lzcnt, ht, tsc, tscinvbit, bmi1, bmi2, adx

Memory: 4k page, physical 8190428k(462588k free), swap 21123032k(4492k free)

vm_info: OpenJDK 64-Bit Server VM (25.212-b04) for windows-amd64 JRE (1.8.0_212-release-1586-b04), built by "builder" with MS VC++ 10.0 (VS2010)

time: Mon Apr 13 14:11:46 2020
timezone: Œrodkowoeuropejski czas letni
elapsed time: 34 seconds (0d 0h 0m 34s)

